* About to connect() to proxy 127.0.0.1 port 9050 (#0)
*   Trying 127.0.0.1...
  % Total    % Received % Xferd  Average Speed   Time    Time     Time  Current
                                 Dload  Upload   Total   Spent    Left  Speed
  0     0    0     0    0     0      0      0 --:--:-- --:--:-- --:--:--     0* Connected to 127.0.0.1 (127.0.0.1) port 9050 (#0)
  0     0    0     0    0     0      0      0 --:--:-- --:--:-- --:--:--     0> GET / HTTP/1.1
> Host: rfselcyqemtp3wgu.onion
> Accept: */*
> User-Agent: Mozilla/5.0 (Windows NT 6.1; rv:52.0) Gecko/20100101 Firefox/52.0
> 
< HTTP/1.1 403 Forbidden
< Server: nginx
< Date: Thu, 22 Mar 2018 09:55:39 GMT
< Content-Type: text/html
< Content-Length: 162
< Connection: keep-alive
< 
{ [data not shown]
100   162  100   162    0     0     95      0  0:00:01  0:00:01 --:--:--    95100   162  100   162    0     0     95      0  0:00:01  0:00:01 --:--:--    95
* Connection #0 to host rfselcyqemtp3wgu.onion left intact
<html>
<head><title>403 Forbidden</title></head>
<body bgcolor="white">
<center><h1>403 Forbidden</h1></center>
<hr><center>nginx</center>
</body>
</html>
